 2024-10-16 13:42:05,787 - db_helper - INFO - fetch_expenses_for_date called with 2024-09-30
2024-10-16 13:42:06,017 - db_helper - INFO - fetch_expense_summary called with start: 2024-08-01 end: 2024-08-05
2024-10-16 15:38:48,075 - db_helper - INFO - fetch_expenses_for_date called with 2024-08-01
2024-10-16 18:09:45,513 - db_helper - INFO - fetch_expenses_for_date called with 2024-08-01
2024-10-16 18:17:01,069 - db_helper - INFO - delete_expenses_for_date called with 2024-08-28
2024-10-16 18:17:01,086 - db_helper - INFO - insert_expense called with date: 2024-08-28, amount: 2000.0, category: shopping, notes: bought doll
2024-10-16 18:17:01,110 - db_helper - INFO - insert_expense called with date: 2024-08-28, amount: 150.0, category: Food, notes: ate sandwich
2024-10-16 18:18:25,973 - db_helper - INFO - delete_expenses_for_date called with 2024-08-28
2024-10-16 18:18:25,981 - db_helper - INFO - insert_expense called with date: 2024-08-28, amount: 23.0, category: shopping, notes: bought a comb
2024-10-16 18:22:51,540 - db_helper - INFO - fetch_expenses_for_date called with 2024-09-30
2024-10-16 18:22:51,721 - db_helper - INFO - fetch_expense_summary called with start: 2024-08-01 end: 2024-08-05
2024-10-16 18:52:29,372 - db_helper - INFO - fetch_expenses_for_date called with 2024-09-30
2024-10-16 18:52:29,468 - db_helper - INFO - fetch_expense_summary called with start: 2024-08-01 end: 2024-08-05
2024-10-16 18:55:39,223 - db_helper - INFO - fetch_expenses_for_date called with 2024-08-01
2024-10-16 19:02:22,975 - db_helper - INFO - fetch_expenses_for_date called with 2024-09-30
2024-10-16 19:02:23,198 - db_helper - INFO - fetch_expense_summary called with start: 2024-08-01 end: 2024-08-05
2024-10-16 19:02:48,315 - db_helper - INFO - fetch_expenses_for_date called with 2024-09-30
2024-10-16 19:02:48,389 - db_helper - INFO - fetch_expense_summary called with start: 2024-08-01 end: 2024-08-05
2024-10-16 19:05:55,556 - db_helper - INFO - fetch_expenses_for_date called with 2024-08-01
2024-10-16 19:06:22,324 - db_helper - INFO - fetch_expenses_for_date called with 2024-08-01
2024-10-16 19:06:39,718 - db_helper - INFO - fetch_expenses_for_date called with 2024-08-01
2024-10-16 19:06:55,305 - db_helper - INFO - delete_expenses_for_date called with 2024-08-28
2024-10-16 19:06:55,321 - db_helper - INFO - insert_expense called with date: 2024-08-28, amount: 23.0, category: shopping, notes: bought a comb
2024-10-16 19:07:54,851 - db_helper - INFO - fetch_expenses_for_date called with 2024-08-01
2024-10-16 19:08:01,893 - db_helper - INFO - fetch_expenses_for_date called with 2024-08-01
2024-10-16 19:08:04,025 - db_helper - INFO - fetch_expense_summary called with start: 2024-08-01 end: 2024-08-05
2024-10-16 19:16:48,552 - db_helper - INFO - fetch_expenses_for_date called with 2024-08-15
2024-10-16 19:16:57,996 - db_helper - INFO - fetch_expenses_for_date called with 2024-08-09
2024-10-16 19:17:07,536 - db_helper - INFO - fetch_expenses_for_date called with 2024-08-01
2024-10-16 19:17:12,309 - db_helper - INFO - fetch_expenses_for_date called with 2024-08-01
2024-10-16 19:17:14,427 - db_helper - INFO - fetch_expense_summary called with start: 2024-08-01 end: 2024-08-05
